0 info it worked if it ends with ok
1 verbose cli [ 'C:\\Program Files\\nodejs\\node.exe',
1 verbose cli   'C:\\Program Files\\nodejs\\node_modules\\npm\\bin\\npm-cli.js',
1 verbose cli   'rebuild',
1 verbose cli   'node-sass' ]
2 info using npm@3.10.10
3 info using node@v6.10.0
4 info readInstalled object
5 verbose rebuild path, id [ 'E:\\work\\2019\\hlq\\frontend\\node_modules\\node-sass',
5 verbose rebuild   'node-sass@4.11.0' ]
6 silly rebuild set [ 'E:\\work\\2019\\hlq\\frontend\\node_modules\\node-sass' ]
7 info build E:\work\2019\hlq\frontend\node_modules\node-sass
8 info lifecycle node-sass@4.11.0~preinstall: node-sass@4.11.0
9 silly lifecycle node-sass@4.11.0~preinstall: no script for preinstall, continuing
10 info linkStuff node-sass@4.11.0
11 silly linkStuff node-sass@4.11.0 has E:\work\2019\hlq\frontend\node_modules as its parent node_modules
12 verbose linkBins node-sass@4.11.0
13 verbose link bins [ { 'node-sass': 'bin/node-sass' },
13 verbose link bins   'E:\\work\\2019\\hlq\\frontend\\node_modules\\.bin',
13 verbose link bins   false ]
14 verbose linkMans node-sass@4.11.0
15 verbose rebuildBundles node-sass@4.11.0
16 verbose rebuildBundles [ '.bin',
16 verbose rebuildBundles   'assert-plus',
16 verbose rebuildBundles   'aws-sign2',
16 verbose rebuildBundles   'caseless',
16 verbose rebuildBundles   'form-data',
16 verbose rebuildBundles   'gaze',
16 verbose rebuildBundles   'glob',
16 verbose rebuildBundles   'globule',
16 verbose rebuildBundles   'har-validator',
16 verbose rebuildBundles   'http-signature',
16 verbose rebuildBundles   'lodash',
16 verbose rebuildBundles   'lodash.clonedeep',
16 verbose rebuildBundles   'oauth-sign',
16 verbose rebuildBundles   'punycode',
16 verbose rebuildBundles   'qs',
16 verbose rebuildBundles   'request',
16 verbose rebuildBundles   'tough-cookie',
16 verbose rebuildBundles   'tunnel-agent',
16 verbose rebuildBundles   'uuid' ]
17 verbose rebuild bundle E:\work\2019\hlq\frontend\node_modules\node-sass\node_modules\assert-plus
18 info build E:\work\2019\hlq\frontend\node_modules\node-sass\node_modules\assert-plus
19 info lifecycle assert-plus@1.0.0~preinstall: assert-plus@1.0.0
20 silly lifecycle assert-plus@1.0.0~preinstall: no script for preinstall, continuing
21 info linkStuff assert-plus@1.0.0
22 silly linkStuff assert-plus@1.0.0 has E:\work\2019\hlq\frontend\node_modules\node-sass\node_modules as its parent node_modules
23 verbose linkBins assert-plus@1.0.0
24 verbose linkMans assert-plus@1.0.0
25 verbose rebuildBundles assert-plus@1.0.0
26 info lifecycle assert-plus@1.0.0~install: assert-plus@1.0.0
27 silly lifecycle assert-plus@1.0.0~install: no script for install, continuing
28 info lifecycle assert-plus@1.0.0~postinstall: assert-plus@1.0.0
29 silly lifecycle assert-plus@1.0.0~postinstall: no script for postinstall, continuing
30 verbose rebuild bundle E:\work\2019\hlq\frontend\node_modules\node-sass\node_modules\aws-sign2
31 info build E:\work\2019\hlq\frontend\node_modules\node-sass\node_modules\aws-sign2
32 info lifecycle aws-sign2@0.7.0~preinstall: aws-sign2@0.7.0
33 silly lifecycle aws-sign2@0.7.0~preinstall: no script for preinstall, continuing
34 info linkStuff aws-sign2@0.7.0
35 silly linkStuff aws-sign2@0.7.0 has E:\work\2019\hlq\frontend\node_modules\node-sass\node_modules as its parent node_modules
36 verbose linkBins aws-sign2@0.7.0
37 verbose linkMans aws-sign2@0.7.0
38 verbose rebuildBundles aws-sign2@0.7.0
39 info lifecycle aws-sign2@0.7.0~install: aws-sign2@0.7.0
40 silly lifecycle aws-sign2@0.7.0~install: no script for install, continuing
41 info lifecycle aws-sign2@0.7.0~postinstall: aws-sign2@0.7.0
42 silly lifecycle aws-sign2@0.7.0~postinstall: no script for postinstall, continuing
43 verbose rebuild bundle E:\work\2019\hlq\frontend\node_modules\node-sass\node_modules\caseless
44 info build E:\work\2019\hlq\frontend\node_modules\node-sass\node_modules\caseless
45 info lifecycle caseless@0.12.0~preinstall: caseless@0.12.0
46 silly lifecycle caseless@0.12.0~preinstall: no script for preinstall, continuing
47 info linkStuff caseless@0.12.0
48 silly linkStuff caseless@0.12.0 has E:\work\2019\hlq\frontend\node_modules\node-sass\node_modules as its parent node_modules
49 verbose linkBins caseless@0.12.0
50 verbose linkMans caseless@0.12.0
51 verbose rebuildBundles caseless@0.12.0
52 info lifecycle caseless@0.12.0~install: caseless@0.12.0
53 silly lifecycle caseless@0.12.0~install: no script for install, continuing
54 info lifecycle caseless@0.12.0~postinstall: caseless@0.12.0
55 silly lifecycle caseless@0.12.0~postinstall: no script for postinstall, continuing
56 verbose rebuild bundle E:\work\2019\hlq\frontend\node_modules\node-sass\node_modules\form-data
57 info build E:\work\2019\hlq\frontend\node_modules\node-sass\node_modules\form-data
58 info lifecycle form-data@2.3.3~preinstall: form-data@2.3.3
59 silly lifecycle form-data@2.3.3~preinstall: no script for preinstall, continuing
60 info linkStuff form-data@2.3.3
61 silly linkStuff form-data@2.3.3 has E:\work\2019\hlq\frontend\node_modules\node-sass\node_modules as its parent node_modules
62 verbose linkBins form-data@2.3.3
63 verbose linkMans form-data@2.3.3
64 verbose rebuildBundles form-data@2.3.3
65 info lifecycle form-data@2.3.3~install: form-data@2.3.3
66 silly lifecycle form-data@2.3.3~install: no script for install, continuing
67 info lifecycle form-data@2.3.3~postinstall: form-data@2.3.3
68 silly lifecycle form-data@2.3.3~postinstall: no script for postinstall, continuing
69 verbose rebuild bundle E:\work\2019\hlq\frontend\node_modules\node-sass\node_modules\globule
70 info build E:\work\2019\hlq\frontend\node_modules\node-sass\node_modules\globule
71 info lifecycle globule@1.2.1~preinstall: globule@1.2.1
72 silly lifecycle globule@1.2.1~preinstall: no script for preinstall, continuing
73 info linkStuff globule@1.2.1
74 silly linkStuff globule@1.2.1 has E:\work\2019\hlq\frontend\node_modules\node-sass\node_modules as its parent node_modules
75 verbose linkBins globule@1.2.1
76 verbose linkMans globule@1.2.1
77 verbose rebuildBundles globule@1.2.1
78 info lifecycle globule@1.2.1~install: globule@1.2.1
79 silly lifecycle globule@1.2.1~install: no script for install, continuing
80 info lifecycle globule@1.2.1~postinstall: globule@1.2.1
81 silly lifecycle globule@1.2.1~postinstall: no script for postinstall, continuing
82 verbose rebuild bundle E:\work\2019\hlq\frontend\node_modules\node-sass\node_modules\har-validator
83 info build E:\work\2019\hlq\frontend\node_modules\node-sass\node_modules\har-validator
84 info lifecycle har-validator@5.1.3~preinstall: har-validator@5.1.3
85 silly lifecycle har-validator@5.1.3~preinstall: no script for preinstall, continuing
86 info linkStuff har-validator@5.1.3
87 silly linkStuff har-validator@5.1.3 has E:\work\2019\hlq\frontend\node_modules\node-sass\node_modules as its parent node_modules
88 verbose linkBins har-validator@5.1.3
89 verbose linkMans har-validator@5.1.3
90 verbose rebuildBundles har-validator@5.1.3
91 info lifecycle har-validator@5.1.3~install: har-validator@5.1.3
92 silly lifecycle har-validator@5.1.3~install: no script for install, continuing
93 info lifecycle har-validator@5.1.3~postinstall: har-validator@5.1.3
94 silly lifecycle har-validator@5.1.3~postinstall: no script for postinstall, continuing
95 verbose rebuild bundle E:\work\2019\hlq\frontend\node_modules\node-sass\node_modules\http-signature
96 info build E:\work\2019\hlq\frontend\node_modules\node-sass\node_modules\http-signature
97 info lifecycle http-signature@1.2.0~preinstall: http-signature@1.2.0
98 silly lifecycle http-signature@1.2.0~preinstall: no script for preinstall, continuing
99 info linkStuff http-signature@1.2.0
100 silly linkStuff http-signature@1.2.0 has E:\work\2019\hlq\frontend\node_modules\node-sass\node_modules as its parent node_modules
101 verbose linkBins http-signature@1.2.0
102 verbose linkMans http-signature@1.2.0
103 verbose rebuildBundles http-signature@1.2.0
104 info lifecycle http-signature@1.2.0~install: http-signature@1.2.0
105 silly lifecycle http-signature@1.2.0~install: no script for install, continuing
106 info lifecycle http-signature@1.2.0~postinstall: http-signature@1.2.0
107 silly lifecycle http-signature@1.2.0~postinstall: no script for postinstall, continuing
108 verbose rebuild bundle E:\work\2019\hlq\frontend\node_modules\node-sass\node_modules\lodash
109 info build E:\work\2019\hlq\frontend\node_modules\node-sass\node_modules\lodash
110 info lifecycle lodash@4.17.11~preinstall: lodash@4.17.11
111 silly lifecycle lodash@4.17.11~preinstall: no script for preinstall, continuing
112 info linkStuff lodash@4.17.11
113 silly linkStuff lodash@4.17.11 has E:\work\2019\hlq\frontend\node_modules\node-sass\node_modules as its parent node_modules
114 verbose linkBins lodash@4.17.11
115 verbose linkMans lodash@4.17.11
116 verbose rebuildBundles lodash@4.17.11
117 info lifecycle lodash@4.17.11~install: lodash@4.17.11
118 silly lifecycle lodash@4.17.11~install: no script for install, continuing
119 info lifecycle lodash@4.17.11~postinstall: lodash@4.17.11
120 silly lifecycle lodash@4.17.11~postinstall: no script for postinstall, continuing
121 verbose rebuild bundle E:\work\2019\hlq\frontend\node_modules\node-sass\node_modules\oauth-sign
122 info build E:\work\2019\hlq\frontend\node_modules\node-sass\node_modules\oauth-sign
123 info lifecycle oauth-sign@0.9.0~preinstall: oauth-sign@0.9.0
124 silly lifecycle oauth-sign@0.9.0~preinstall: no script for preinstall, continuing
125 info linkStuff oauth-sign@0.9.0
126 silly linkStuff oauth-sign@0.9.0 has E:\work\2019\hlq\frontend\node_modules\node-sass\node_modules as its parent node_modules
127 verbose linkBins oauth-sign@0.9.0
128 verbose linkMans oauth-sign@0.9.0
129 verbose rebuildBundles oauth-sign@0.9.0
130 info lifecycle oauth-sign@0.9.0~install: oauth-sign@0.9.0
131 silly lifecycle oauth-sign@0.9.0~install: no script for install, continuing
132 info lifecycle oauth-sign@0.9.0~postinstall: oauth-sign@0.9.0
133 silly lifecycle oauth-sign@0.9.0~postinstall: no script for postinstall, continuing
134 verbose rebuild bundle E:\work\2019\hlq\frontend\node_modules\node-sass\node_modules\punycode
135 info build E:\work\2019\hlq\frontend\node_modules\node-sass\node_modules\punycode
136 info lifecycle punycode@1.4.1~preinstall: punycode@1.4.1
137 silly lifecycle punycode@1.4.1~preinstall: no script for preinstall, continuing
138 info linkStuff punycode@1.4.1
139 silly linkStuff punycode@1.4.1 has E:\work\2019\hlq\frontend\node_modules\node-sass\node_modules as its parent node_modules
140 verbose linkBins punycode@1.4.1
141 verbose linkMans punycode@1.4.1
142 verbose rebuildBundles punycode@1.4.1
143 info lifecycle punycode@1.4.1~install: punycode@1.4.1
144 silly lifecycle punycode@1.4.1~install: no script for install, continuing
145 info lifecycle punycode@1.4.1~postinstall: punycode@1.4.1
146 silly lifecycle punycode@1.4.1~postinstall: no script for postinstall, continuing
147 verbose rebuild bundle E:\work\2019\hlq\frontend\node_modules\node-sass\node_modules\qs
148 info build E:\work\2019\hlq\frontend\node_modules\node-sass\node_modules\qs
149 info lifecycle qs@6.5.2~preinstall: qs@6.5.2
150 silly lifecycle qs@6.5.2~preinstall: no script for preinstall, continuing
151 info linkStuff qs@6.5.2
152 silly linkStuff qs@6.5.2 has E:\work\2019\hlq\frontend\node_modules\node-sass\node_modules as its parent node_modules
153 verbose linkBins qs@6.5.2
154 verbose linkMans qs@6.5.2
155 verbose rebuildBundles qs@6.5.2
156 info lifecycle qs@6.5.2~install: qs@6.5.2
157 silly lifecycle qs@6.5.2~install: no script for install, continuing
158 info lifecycle qs@6.5.2~postinstall: qs@6.5.2
159 silly lifecycle qs@6.5.2~postinstall: no script for postinstall, continuing
160 verbose rebuild bundle E:\work\2019\hlq\frontend\node_modules\node-sass\node_modules\tough-cookie
161 info build E:\work\2019\hlq\frontend\node_modules\node-sass\node_modules\tough-cookie
162 info lifecycle tough-cookie@2.4.3~preinstall: tough-cookie@2.4.3
163 silly lifecycle tough-cookie@2.4.3~preinstall: no script for preinstall, continuing
164 info linkStuff tough-cookie@2.4.3
165 silly linkStuff tough-cookie@2.4.3 has E:\work\2019\hlq\frontend\node_modules\node-sass\node_modules as its parent node_modules
166 verbose linkBins tough-cookie@2.4.3
167 verbose linkMans tough-cookie@2.4.3
168 verbose rebuildBundles tough-cookie@2.4.3
169 info lifecycle tough-cookie@2.4.3~install: tough-cookie@2.4.3
170 silly lifecycle tough-cookie@2.4.3~install: no script for install, continuing
171 info lifecycle tough-cookie@2.4.3~postinstall: tough-cookie@2.4.3
172 silly lifecycle tough-cookie@2.4.3~postinstall: no script for postinstall, continuing
173 verbose rebuild bundle E:\work\2019\hlq\frontend\node_modules\node-sass\node_modules\tunnel-agent
174 info build E:\work\2019\hlq\frontend\node_modules\node-sass\node_modules\tunnel-agent
175 info lifecycle tunnel-agent@0.6.0~preinstall: tunnel-agent@0.6.0
176 silly lifecycle tunnel-agent@0.6.0~preinstall: no script for preinstall, continuing
177 info linkStuff tunnel-agent@0.6.0
178 silly linkStuff tunnel-agent@0.6.0 has E:\work\2019\hlq\frontend\node_modules\node-sass\node_modules as its parent node_modules
179 verbose linkBins tunnel-agent@0.6.0
180 verbose linkMans tunnel-agent@0.6.0
181 verbose rebuildBundles tunnel-agent@0.6.0
182 info lifecycle tunnel-agent@0.6.0~install: tunnel-agent@0.6.0
183 silly lifecycle tunnel-agent@0.6.0~install: no script for install, continuing
184 info lifecycle tunnel-agent@0.6.0~postinstall: tunnel-agent@0.6.0
185 silly lifecycle tunnel-agent@0.6.0~postinstall: no script for postinstall, continuing
186 verbose rebuild bundle E:\work\2019\hlq\frontend\node_modules\node-sass\node_modules\uuid
187 info build E:\work\2019\hlq\frontend\node_modules\node-sass\node_modules\uuid
188 info lifecycle uuid@3.3.2~preinstall: uuid@3.3.2
189 silly lifecycle uuid@3.3.2~preinstall: no script for preinstall, continuing
190 info linkStuff uuid@3.3.2
191 silly linkStuff uuid@3.3.2 has E:\work\2019\hlq\frontend\node_modules\node-sass\node_modules as its parent node_modules
192 verbose linkBins uuid@3.3.2
193 verbose link bins [ { uuid: './bin/uuid' },
193 verbose link bins   'E:\\work\\2019\\hlq\\frontend\\node_modules\\node-sass\\node_modules\\.bin',
193 verbose link bins   false ]
194 verbose linkMans uuid@3.3.2
195 verbose rebuildBundles uuid@3.3.2
196 info lifecycle uuid@3.3.2~install: uuid@3.3.2
197 silly lifecycle uuid@3.3.2~install: no script for install, continuing
198 info lifecycle uuid@3.3.2~postinstall: uuid@3.3.2
199 silly lifecycle uuid@3.3.2~postinstall: no script for postinstall, continuing
200 info lifecycle node-sass@4.11.0~install: node-sass@4.11.0
201 verbose lifecycle node-sass@4.11.0~install: unsafe-perm in lifecycle true
202 verbose lifecycle node-sass@4.11.0~install: PATH: C:\Users\Asus\AppData\Roaming\nvm\v6.10.0\node_modules\npm\bin\node-gyp-bin;E:\work\2019\hlq\frontend\node_modules\node-sass\node_modules\.bin;E:\work\2019\hlq\frontend\node_modules\.bin;C:\Program Files (x86)\Common Files\Oracle\Java\javapath;D:\app\admin\product\12.2.0\dbhome_1\bin;C:\WINDOWS\system32;C:\WINDOWS;C:\WINDOWS\System32\Wbem;C:\WINDOWS\System32\WindowsPowerShell\v1.0\;C:\WINDOWS\System32\OpenSSH\;C:\Users\Asus\AppData\Roaming\nvm;C:\Program Files\nodejs;C:\Program Files (x86)\SmartGit\git\bin;C:\Program Files (x86)\SmartGit\git\cmd;C:\Program Files\dotnet\;C:\Program Files\Microsoft SQL Server\130\Tools\Binn\;C:\ProgramData\ComposerSetup\bin;C:\Program Files\Git\cmd;C:\Program Files\Microsoft VS Code\bin;E:\apache-maven-3.5.4\bin;E:\spring-1.5.6.RELEASE\bin;C:\Program Files\Java\jdk1.8.0_171\bin;C:\xampp\mysql\bin;C:\Program Files\Redis\;C:\xampp\apache\bin;F:\MongoStore\bin;C:\Program Files\TortoiseSVN\bin;"C:\Program Files\Java\jdk1.8.0_171\bin;C:\Program Files (x86)\Common Files\Oracle\Java\javapath;D:\app\admin\product\12.2.0\dbhome_1\bin;C:\WINDOWS\system32;C:\WINDOWS;C:\WINDOWS\System32\Wbem;C:\WINDOWS\System32\WindowsPowerShell\v1.0\;C:\WINDOWS\System32\OpenSSH\;C:\Users\Asus\AppData\Roaming\nvm;C:\Program Files\nodejs;C:\Program Files (x86)\SmartGit\git\bin;C:\Program Files (x86)\SmartGit\git\cmd;C:\Program Files\dotnet\;C:\Program Files\Microsoft SQL Server\130\Tools\Binn\;C:\ProgramData\ComposerSetup\bin;C:\Program Files\Git\cmd;C:\Program Files\Microsoft VS Code\bin;E:\apache-maven-3.5.4\bin;E:\spring-1.5.6.RELEASE\bin;C:\Program Files\Java\jdk1.8.0_171\bin;C:\xampp\mysql\bin;C:\Program Files\Redis\;C:\xampp\apache\bin;F:\MongoStore\bin;C:\Program Files\TortoiseSVN\bin;"C:\Program Files\Java\jdk1.8.0_171\bin;C:\Program Files (x86)\Common Files\Oracle\Java\javapath;D:\app\admin\product\12.2.0\dbhome_1\bin;C:\WINDOWS\system32;C:\WINDOWS;C:\WINDOWS\System32\Wbem;C:\WINDOWS\System32\WindowsPowerShell\v1.0\;C:\WINDOWS\System32\OpenSSH\;C:\Users\Asus\AppData\Roaming\nvm;C:\Program Files\nodejs;C:\Program Files (x86)\SmartGit\git\bin;C:\Program Files (x86)\SmartGit\git\cmd;C:\Program Files\dotnet\;C:\Program Files\Microsoft SQL Server\130\Tools\Binn\;C:\ProgramData\ComposerSetup\bin;C:\Program Files\Git\cmd;C:\Program Files\Microsoft VS Code\bin;E:\apache-maven-3.5.4\bin;E:\spring-1.5.6.RELEASE\bin;C:\Program Files\Java\jdk1.8.0_171\bin;C:\xampp\mysql\bin;C:\Program Files\Redis\;C:\xampp\apache\bin;F:\MongoStore\bin;C:\Program Files\TortoiseSVN\bin;"C:\Program Files\Java\jdk1.8.0_171\bin;C:\WINDOWS\System32";C:\Program Files (x86)\Yarn\bin\;%LocalAppData%\Yarn;C:\Users\Asus\AppData\Local\Android\Sdk\platform-tools;C:\Users\Asus\AppData\Local\Android\Sdk\tools;C:\Users\Asus\AppData\Local\Android\Sdk\tools\bin;%USERPROFILE%\AppData\Roaming\Composer\vendor\bin;";C:\Program Files (x86)\Yarn\bin\;%LocalAppData%\Yarn;C:\Users\Asus\AppData\Local\Android\Sdk\platform-tools;C:\Users\Asus\AppData\Local\Android\Sdk\tools;C:\Users\Asus\AppData\Local\Android\Sdk\tools\bin;%USERPROFILE%\AppData\Roaming\Composer\vendor\bin;";C:\Program Files (x86)\Yarn\bin\;%LocalAppData%\Yarn;C:\Users\Asus\AppData\Local\Android\Sdk\platform-tools;C:\Users\Asus\AppData\Local\Android\Sdk\tools;C:\Users\Asus\AppData\Local\Android\Sdk\tools\bin;C:\WINDOWS\system32\config\systemprofile\AppData\Roaming\Composer\vendor\bin;C:\Users\Asus\AppData\Local\Microsoft\WindowsApps;C:\Program Files\Microsoft VS Code\bin;C:\Users\Asus\AppData\Roaming\npm;C:\Users\Asus\AppData\Roaming\nvm;C:\Program Files\nodejs;C:\xampp\php;C:\Users\Asus\AppData\Roaming\Composer\vendor\bin;C:\Program Files\Nodejs;C:\Program Files\heroku\bin;C:\Users\Asus\AppData\Local\Yarn\bin;C:\Users\Asus\AppData\Local\Microsoft\WindowsApps;C:\Users\Asus\AppData\Roaming\Composer\vendor\bin;
203 verbose lifecycle node-sass@4.11.0~install: CWD: E:\work\2019\hlq\frontend\node_modules\node-sass
204 silly lifecycle node-sass@4.11.0~install: Args: [ '/d /s /c', 'node scripts/install.js' ]
205 silly lifecycle node-sass@4.11.0~install: Returned: code: 3221225786  signal: null
206 info lifecycle node-sass@4.11.0~install: Failed to exec install script
207 verbose stack Error: node-sass@4.11.0 install: `node scripts/install.js`
207 verbose stack Exit status 3221225786
207 verbose stack     at EventEmitter.<anonymous> (C:\Users\Asus\AppData\Roaming\nvm\v6.10.0\node_modules\npm\lib\utils\lifecycle.js:255:16)
207 verbose stack     at emitTwo (events.js:106:13)
207 verbose stack     at EventEmitter.emit (events.js:191:7)
207 verbose stack     at ChildProcess.<anonymous> (C:\Users\Asus\AppData\Roaming\nvm\v6.10.0\node_modules\npm\lib\utils\spawn.js:40:14)
207 verbose stack     at emitTwo (events.js:106:13)
207 verbose stack     at ChildProcess.emit (events.js:191:7)
207 verbose stack     at maybeClose (internal/child_process.js:877:16)
207 verbose stack     at Process.ChildProcess._handle.onexit (internal/child_process.js:226:5)
208 verbose pkgid node-sass@4.11.0
209 verbose cwd E:\work\2019\hlq\frontend
210 error Windows_NT 10.0.17763
211 error argv "C:\\Program Files\\nodejs\\node.exe" "C:\\Program Files\\nodejs\\node_modules\\npm\\bin\\npm-cli.js" "rebuild" "node-sass"
212 error node v6.10.0
213 error npm  v3.10.10
214 error code ELIFECYCLE
215 error node-sass@4.11.0 install: `node scripts/install.js`
215 error Exit status 3221225786
216 error Failed at the node-sass@4.11.0 install script 'node scripts/install.js'.
216 error Make sure you have the latest version of node.js and npm installed.
216 error If you do, this is most likely a problem with the node-sass package,
216 error not with npm itself.
216 error Tell the author that this fails on your system:
216 error     node scripts/install.js
216 error You can get information on how to open an issue for this project with:
216 error     npm bugs node-sass
216 error Or if that isn't available, you can get their info via:
216 error     npm owner ls node-sass
216 error There is likely additional logging output above.
217 verbose exit [ 1, true ]
